bitmap-console-fonts
bitmap-fangsongti-fonts
bitmap-fixed-fonts
bitmap-fonts-compat
bitmap-lucida-typewriter-fonts
bitstream-vera-fonts-common
bitstream-vera-sans-fonts
bitstream-vera-sans-mono-fonts
bitstream-vera-serif-fonts
cjkuni-ukai-fonts
cjkuni-uming-fonts
fluid-soundfont-common
fluid-soundfont-lite-patches
fontawesome-fonts
fontawesome-fonts-web
google-android-emoji-fonts
google-droid-sans-fonts
google-droid-sans-mono-fonts
google-droid-serif-fonts
google-noto-sans-fonts
hanazono-fonts
ipa-ex-gothic-fonts
ipa-ex-mincho-fonts
ipa-gothic-fonts
ipa-mincho-fonts
ipa-pgothic-fonts
ipa-pmincho-fonts
japanese-bitmap-fonts
jisksp16-1990-fonts
knm-new-fixed-fonts
libfonts
lyx-fonts
mona-bitmap-fonts
mona-sazanami-fonts
mona-vlgothic-fonts
motoya-lcedar-fonts
motoya-lmaru-fonts
paktype-naqsh-fonts
python-matplotlib-data-fonts
python3-fonttools
root-fonts
sazanami-fonts-common
sazanami-gothic-fonts
sazanami-mincho-fonts
stix-math-fonts
ucs-miscfixed-fonts
wqy-zenhei-fonts
